{"uid":"3b5b644036861a83","name":"test_wrong_username_and_password","fullName":"tests.wrong_username_and_pass#test_wrong_username_and_password","historyId":"eae89ba56026617df936c001e4ff98c9","time":{"start":1766548655946,"stop":1766548666381,"duration":10435},"status":"failed","statusMessage":"AssertionError: Page URL expected to be '.*login.*'\nActual value: https://demo.ehrconnect.healthconnect.systems/login \nCall log:\n  - Expect \"to_have_url\" with timeout 5000ms\n    9 × unexpected value \"https://demo.ehrconnect.healthconnect.systems/login\"","statusTrace":"def test_wrong_username_and_password():\n        with sync_playwright() as playwright:\n            browser = playwright.chromium.launch(headless=False, slow_mo=300)\n            context = browser.new_context()\n            page = context.new_page()\n    \n            # 1. Open login page\n            page.goto(\n                \"https://demo.ehrconnect.healthconnect.systems/login\",\n                wait_until=\"domcontentloaded\"\n            )\n    \n            # 2. Wait for login fields\n            page.wait_for_selector(\"input[name='username']\", timeout=20000)\n            page.wait_for_selector(\"input[name='password']\", timeout=20000)\n    \n            # 3. Enter WRONG username & WRONG password\n            page.fill(\"input[name='username']\", \"wronguser123\")\n            page.fill(\"input[name='password']\", \"WrongPass@123\")\n    \n            # 4. Click Login\n            page.click(\"button[type='submit']\")\n    \n            # 5. Wait for response\n            page.wait_for_load_state(\"networkidle\")\n    \n            # 6. Validate error message is displayed\n            error_locator = page.locator(\n                \"text=/invalid|incorrect|failed|error|unauthorized/i\"\n            )\n            expect(error_locator.first).to_be_visible(timeout=20000)\n    \n            # 7. Ensure user is still on login page (not dashboard) using regex\n>           expect(page).to_have_url(r\".*login.*\")\nE           AssertionError: Page URL expected to be '.*login.*'\nE           Actual value: https://demo.ehrconnect.healthconnect.systems/login \nE           Call log:\nE             - Expect \"to_have_url\" with timeout 5000ms\nE               9 × unexpected value \"https://demo.ehrconnect.healthconnect.systems/login\"\n\ntests/wrong_username_and_pass.py:37: AssertionError","flaky":false,"newFailed":false,"newBroken":false,"newPassed":false,"retriesCount":0,"retriesStatusChange":false,"beforeStages":[],"afterStages":[],"labels":[{"name":"parentSuite","value":"tests"},{"name":"suite","value":"wrong_username_and_pass"},{"name":"host","value":"mblt1082"},{"name":"thread","value":"3184-MainThread"},{"name":"framework","value":"pytest"},{"name":"language","value":"cpython3"},{"name":"package","value":"tests.wrong_username_and_pass"},{"name":"resultFormat","value":"allure2"}],"parameters":[],"links":[],"hidden":true,"retry":true,"extra":{"categories":[],"tags":[]},"source":"3b5b644036861a83.json","parameterValues":[]}